<?xml version="1.0" encoding="UTF-8"?>
<testsuite xmlns:xsi="http://www.w3.org/2001/XMLSchema-instance" xsi:noNamespaceSchemaLocation="https://maven.apache.org/surefire/maven-surefire-plugin/xsd/surefire-test-report-3.0.xsd" version="3.0" name="com.example.TemperatureTests" time="0.034" tests="4" errors="0" skipped="0" failures="0">
  <properties>
[...]
</properties>
  <testcase name="ConvertsRoomTempToFahrenheit" classname="com.example.TemperatureTests" time="0.002"/>
  <testcase name="palindromes(String)[1]" classname="com.example.TemperatureTests" time="0.006"/>
  <testcase name="palindromes(String)[2]" classname="com.example.TemperatureTests" time="0.0"/>
  <testcase name="palindromes(String)[3]" classname="com.example.TemperatureTests" time="0.001"/>
</testsuite>